Arguments: 
  /usr/local/bin/node /usr/bin/yarn add @types/swagger-express-ui --dev

PATH: 
  /home/erdev/.local/bin:/usr/local/bin:/usr/bin:/bin:/usr/local/sbin:/usr/lib/jvm/default/bin:/usr/bin/site_perl:/usr/bin/vendor_perl:/usr/bin/core_perl:/var/lib/snapd/snap/bin

Yarn version: 
  1.22.17

Node version: 
  16.13.1

Platform: 
  linux x64

Trace: 
  Error: https://registry.yarnpkg.com/@types%2fswagger-express-ui: Not found
      at Request.params.callback [as _callback] (/usr/lib/node_modules/yarn/lib/cli.js:67029:18)
      at Request.self.callback (/usr/lib/node_modules/yarn/lib/cli.js:140883:22)
      at Request.emit (node:events:390:28)
      at Request.<anonymous> (/usr/lib/node_modules/yarn/lib/cli.js:141855:10)
      at Request.emit (node:events:390:28)
      at IncomingMessage.<anonymous> (/usr/lib/node_modules/yarn/lib/cli.js:141777:12)
      at Object.onceWrapper (node:events:509:28)
      at IncomingMessage.emit (node:events:402:35)
      at endReadableNT (node:internal/streams/readable:1343:12)
      at processTicksAndRejections (node:internal/process/task_queues:83:21)

npm manifest: 
  {
    "dependencies": {
      "swagger-ui-express": "^4.3.0"
    }
  }

yarn manifest: 
  No manifest

Lockfile: 
  # THIS IS AN AUTOGENERATED FILE. DO NOT EDIT THIS FILE DIRECTLY.
  # yarn lockfile v1
  
  
  swagger-ui-dist@>=4.1.3:
    version "4.1.3"
    resolved "https://registry.yarnpkg.com/swagger-ui-dist/-/swagger-ui-dist-4.1.3.tgz#2be9f9de9b5c19132fa4a5e40933058c151563dc"
    integrity sha512-WvfPSfAAMlE/sKS6YkW47nX/hA7StmhYnAHc6wWCXNL0oclwLj6UXv0hQCkLnDgvebi0MEV40SJJpVjKUgH1IQ==
  
  swagger-ui-express@^4.3.0:
    version "4.3.0"
    resolved "https://registry.yarnpkg.com/swagger-ui-express/-/swagger-ui-express-4.3.0.tgz#226238ab231f7718f9109d63a66efc3a795618dd"
    integrity sha512-jN46SEEe9EoXa3ZgZoKgnSF6z0w3tnM1yqhO4Y+Q4iZVc8JOQB960EZpIAz6rNROrDApVDwcMHR0mhlnc/5Omw==
    dependencies:
      swagger-ui-dist ">=4.1.3"
